[debug] > Exec(early(addDefaultCommands), None, None)
[debug] > Exec(addDefaultCommands, None, None)
[debug] > Exec(early(initialize), None, None)
[debug] > Exec(initialize, None, None)
[debug] > Exec(boot, None, None)
[debug] > Exec(writeSbtVersion, None, None)
[debug] > Exec(reload, None, None)
[debug] > Exec(sbtStashOnFailure, None, None)
[debug] > Exec(onFailure loadFailed, None, None)
[debug] > Exec(loadp, None, None)
[info] welcome to sbt 1.4.1 (Oracle Corporation Java 14.0.1)
[debug]       Load.loadUnit: plugins took 213.2227ms
[debug]       Load.loadUnit: defsScala took 0.9022ms
[debug] [Loading] Scanning directory C:\Users\Admin\.sbt\1.0\plugins
[debug] [Loading] Found non-root projects 
[debug] [Loading] Done in C:\Users\Admin\.sbt\1.0\plugins, returning: ()
[debug] deducing auto plugins based on known facts Set(Atom(sbt.plugins.CorePlugin)) and clauses Clauses(List(Clause(Atom(sbt.plugins.JvmPlugin),Set(Atom(sbt.plugins.IvyPlugin))), Clause(Atom(sbt.ScriptedPlugin),Set(Atom(sbt.plugins.JvmPlugin))), Clause(Atom(sbt.plugins.SbtPlugin),Set(Atom(sbt.ScriptedPlugin))), Clause(Atom(sbt.plugins.SemanticdbPlugin),Set(Atom(sbt.plugins.JvmPlugin))), Clause(Atom(sbt.plugins.JUnitXmlReportPlugin),Set(Atom(sbt.plugins.JvmPlugin))), Clause(Atom(sbt.plugins.MiniDependencyTreePlugin),Set(Atom(sbt.plugins.JvmPlugin))), Clause(Atom(sbt.plugins.CorePlugin),Set(Atom(sbt.plugins.IvyPlugin))), Clause(Atom(sbt.plugins.IvyPlugin),Set(Atom(sbt.plugins.JvmPlugin))), Clause(Atom(sbt.plugins.JvmPlugin),Set(Atom(sbt.plugins.SemanticdbPlugin))), Clause(Atom(sbt.plugins.JvmPlugin),Set(Atom(sbt.plugins.JUnitXmlReportPlugin))), Clause(Atom(sbt.plugins.CorePlugin),Set(Atom(sbt.plugins.Giter8TemplatePlugin))), Clause(Atom(sbt.plugins.JvmPlugin),Set(Atom(sbt.plugins.MiniDependencyTreePlugin)))))
[debug]   :: deduced result: Matched(sbt.plugins.CorePlugin,sbt.plugins.Giter8TemplatePlugin,sbt.plugins.IvyPlugin,sbt.plugins.JvmPlugin,sbt.plugins.MiniDependencyTreePlugin,sbt.plugins.JUnitXmlReportPlugin,sbt.plugins.SemanticdbPlugin)
[debug] Plugins.deducer#function took 34.614 ms
[debug]           Load.resolveProject(global-plugins) took 52.0279ms
[debug]         Load.loadTransitive: finalizeProject(Project(id global-plugins, base: C:\Users\Admin\.sbt\1.0\plugins, plugins: List(<none>))) took 129.7132ms
[debug] [Loading] Done in C:\Users\Admin\.sbt\1.0\plugins, returning: (global-plugins)
[debug]       Load.loadUnit: loadedProjectsRaw took 169.7584ms
[debug]       Load.loadUnit: cleanEvalClasses took 0.258ms
[debug]     Load.loadUnit(file:/C:/Users/Admin/.sbt/1.0/plugins/, ...) took 399.7844ms
[debug]   Load.apply: load took 710.3749ms
[debug]   Load.apply: resolveProjects took 9.2573ms
[debug]   Load.apply: finalTransforms took 65.9251ms
[debug]   Load.apply: config.delegates took 7.1368ms
[debug]   Load.apply: Def.make(settings)... took 1553.9014ms
[debug]   Load.apply: structureIndex took 170.3467ms
[debug]   Load.apply: mkStreams took 2.142ms
[info] loading global plugins from C:\Users\Admin\.sbt\1.0\plugins
[debug] Running task... Cancel: Signal, check cycles: false, forcegc: true
[debug] Load.defaultLoad until apply took 5601.5439ms
[debug]           Load.loadUnit: plugins took 69.5377ms
[debug]           Load.loadUnit: defsScala took 0.0071ms
[debug] [Loading] Scanning directory D:\KBTU\KBTU3\BackEnd\Code\SIS\SIS9\project
[debug] [Loading] Found non-root projects 
[debug] [Loading] Done in D:\KBTU\KBTU3\BackEnd\Code\SIS\SIS9\project, returning: ()
[debug] deducing auto plugins based on known facts Set(Atom(sbt.plugins.CorePlugin)) and clauses Clauses(List(Clause(Atom(sbt.plugins.JvmPlugin),Set(Atom(sbt.plugins.IvyPlugin))), Clause(Atom(sbt.ScriptedPlugin),Set(Atom(sbt.plugins.JvmPlugin))), Clause(Atom(sbt.plugins.SbtPlugin),Set(Atom(sbt.ScriptedPlugin))), Clause(Atom(sbt.plugins.SemanticdbPlugin),Set(Atom(sbt.plugins.JvmPlugin))), Clause(Atom(sbt.plugins.JUnitXmlReportPlugin),Set(Atom(sbt.plugins.JvmPlugin))), Clause(Atom(sbt.plugins.MiniDependencyTreePlugin),Set(Atom(sbt.plugins.JvmPlugin))), Clause(Atom(sbt.plugins.CorePlugin),Set(Atom(sbt.plugins.IvyPlugin))), Clause(Atom(sbt.plugins.IvyPlugin),Set(Atom(sbt.plugins.JvmPlugin))), Clause(Atom(sbt.plugins.JvmPlugin),Set(Atom(sbt.plugins.SemanticdbPlugin))), Clause(Atom(sbt.plugins.JvmPlugin),Set(Atom(sbt.plugins.JUnitXmlReportPlugin))), Clause(Atom(sbt.plugins.CorePlugin),Set(Atom(sbt.plugins.Giter8TemplatePlugin))), Clause(Atom(sbt.plugins.JvmPlugin),Set(Atom(sbt.plugins.MiniDependencyTreePlugin)))))
[debug]   :: deduced result: Matched(sbt.plugins.CorePlugin,sbt.plugins.Giter8TemplatePlugin,sbt.plugins.IvyPlugin,sbt.plugins.JvmPlugin,sbt.plugins.MiniDependencyTreePlugin,sbt.plugins.JUnitXmlReportPlugin,sbt.plugins.SemanticdbPlugin)
[debug] Plugins.deducer#function took 5.5248 ms
[debug]               Load.resolveProject(sis9-build) took 3.431ms
[debug]             Load.loadTransitive: finalizeProject(Project(id sis9-build, base: D:\KBTU\KBTU3\BackEnd\Code\SIS\SIS9\project, plugins: List(<none>))) took 10.4083ms
[debug] [Loading] Done in D:\KBTU\KBTU3\BackEnd\Code\SIS\SIS9\project, returning: (sis9-build)
[debug]           Load.loadUnit: loadedProjectsRaw took 13.7522ms
[debug]           Load.loadUnit: cleanEvalClasses took 0.0213ms
[debug]         Load.loadUnit(file:/D:/KBTU/KBTU3/BackEnd/Code/SIS/SIS9/project/, ...) took 84.6863ms
[debug]       Load.apply: load took 87.122ms
[debug]       Load.apply: resolveProjects took 0.2149ms
[debug]       Load.apply: finalTransforms took 36.7911ms
[debug]       Load.apply: config.delegates took 1.1983ms
[debug]       Load.apply: Def.make(settings)... took 137.3681ms
[debug]       Load.apply: structureIndex took 50.8552ms
[debug]       Load.apply: mkStreams took 0.0035ms
[info] loading project definition from D:\KBTU\KBTU3\BackEnd\Code\SIS\SIS9\project
[debug] Running task... Cancel: Signal, check cycles: false, forcegc: true
[debug]     Load.loadUnit: plugins took 794.1319ms
[debug]     Load.loadUnit: defsScala took 0.0294ms
[debug] [Loading] Scanning directory D:\KBTU\KBTU3\BackEnd\Code\SIS\SIS9
[debug]       Load.loadUnit: mkEval took 22.7939ms
[debug] [Loading] Found non-root projects 
[debug] [Loading] Done in D:\KBTU\KBTU3\BackEnd\Code\SIS\SIS9, returning: ()
[debug] deducing auto plugins based on known facts Set(Atom(sbt.plugins.CorePlugin)) and clauses Clauses(List(Clause(Atom(sbt.plugins.JvmPlugin),Set(Atom(sbt.plugins.IvyPlugin))), Clause(Atom(sbt.ScriptedPlugin),Set(Atom(sbt.plugins.JvmPlugin))), Clause(Atom(sbt.plugins.SbtPlugin),Set(Atom(sbt.ScriptedPlugin))), Clause(Atom(sbt.plugins.SemanticdbPlugin),Set(Atom(sbt.plugins.JvmPlugin))), Clause(Atom(sbt.plugins.JUnitXmlReportPlugin),Set(Atom(sbt.plugins.JvmPlugin))), Clause(Atom(sbt.plugins.MiniDependencyTreePlugin),Set(Atom(sbt.plugins.JvmPlugin))), Clause(Atom(sbt.plugins.CorePlugin),Set(Atom(sbt.plugins.IvyPlugin))), Clause(Atom(sbt.plugins.IvyPlugin),Set(Atom(sbt.plugins.JvmPlugin))), Clause(Atom(sbt.plugins.JvmPlugin),Set(Atom(sbt.plugins.SemanticdbPlugin))), Clause(Atom(sbt.plugins.JvmPlugin),Set(Atom(sbt.plugins.JUnitXmlReportPlugin))), Clause(Atom(sbt.plugins.CorePlugin),Set(Atom(sbt.plugins.Giter8TemplatePlugin))), Clause(Atom(sbt.plugins.JvmPlugin),Set(Atom(sbt.plugins.MiniDependencyTreePlugin)))))
[debug]   :: deduced result: Matched(sbt.plugins.CorePlugin,sbt.plugins.Giter8TemplatePlugin,sbt.plugins.IvyPlugin,sbt.plugins.JvmPlugin,sbt.plugins.MiniDependencyTreePlugin,sbt.plugins.JUnitXmlReportPlugin,sbt.plugins.SemanticdbPlugin)
[debug] Plugins.deducer#function took 2.1718 ms
[info] loading settings for project sis9 from build.sbt ...
[debug]         Load.resolveProject(sis9) took 7.5593ms
[debug]       Load.loadTransitive: finalizeProject(Project(id sis9, base: D:\KBTU\KBTU3\BackEnd\Code\SIS\SIS9, plugins: List(<none>))) took 10.4332ms
[debug] [Loading] Done in D:\KBTU\KBTU3\BackEnd\Code\SIS\SIS9, returning: (sis9)
[debug]     Load.loadUnit: loadedProjectsRaw took 519.4687ms
[debug]     Load.loadUnit: cleanEvalClasses took 24.3073ms
[debug]   Load.loadUnit(file:/D:/KBTU/KBTU3/BackEnd/Code/SIS/SIS9/, ...) took 1339.5207ms
[debug] Load.apply: load took 1341.8084ms
[debug] Load.apply: resolveProjects took 0.6327ms
[debug] Load.apply: finalTransforms took 18.8049ms
[debug] Load.apply: config.delegates took 1.1066ms
[debug] Load.apply: Def.make(settings)... took 268.3424ms
[debug] Load.apply: structureIndex took 63.541ms
[debug] Load.apply: mkStreams took 0.0032ms
[info] set current project to SIS9 (in build file:/D:/KBTU/KBTU3/BackEnd/Code/SIS/SIS9/)
[debug] > Exec(sbtPopOnFailure, None, None)
[debug] > Exec(resumeFromFailure, None, None)
[debug] > Exec(notifyUsersAboutShell, None, None)
[debug] > Exec(iflast shell, None, None)
[debug] > Exec(run, None, None)
[debug] Evaluating tasks: Compile / run
[debug] Running task... Cancel: Signal, check cycles: false, forcegc: true
[info] compiling 2 Scala sources to D:\KBTU\KBTU3\BackEnd\Code\SIS\SIS9\target\scala-2.13\classes ...
[info] done compiling
