[debug] > Exec(early(addDefaultCommands), None, None)
[debug] > Exec(addDefaultCommands, None, None)
[debug] > Exec(early(initialize), None, None)
[debug] > Exec(initialize, None, None)
[debug] > Exec(boot, None, None)
[debug] > Exec(writeSbtVersion, None, None)
[debug] > Exec(reload, None, None)
[debug] > Exec(sbtStashOnFailure, None, None)
[debug] > Exec(onFailure loadFailed, None, None)
[debug] > Exec(loadp, None, None)
[info] welcome to sbt 1.4.1 (Oracle Corporation Java 14.0.1)
[debug]       Load.loadUnit: plugins took 97.6947ms
[debug]       Load.loadUnit: defsScala took 0.3074ms
[debug] [Loading] Scanning directory C:\Users\Admin\.sbt\1.0\plugins
[debug] [Loading] Found non-root projects 
[debug] [Loading] Done in C:\Users\Admin\.sbt\1.0\plugins, returning: ()
[debug] deducing auto plugins based on known facts Set(Atom(sbt.plugins.CorePlugin)) and clauses Clauses(List(Clause(Atom(sbt.plugins.JvmPlugin),Set(Atom(sbt.plugins.IvyPlugin))), Clause(Atom(sbt.ScriptedPlugin),Set(Atom(sbt.plugins.JvmPlugin))), Clause(Atom(sbt.plugins.SbtPlugin),Set(Atom(sbt.ScriptedPlugin))), Clause(Atom(sbt.plugins.SemanticdbPlugin),Set(Atom(sbt.plugins.JvmPlugin))), Clause(Atom(sbt.plugins.JUnitXmlReportPlugin),Set(Atom(sbt.plugins.JvmPlugin))), Clause(Atom(sbt.plugins.MiniDependencyTreePlugin),Set(Atom(sbt.plugins.JvmPlugin))), Clause(Atom(sbt.plugins.CorePlugin),Set(Atom(sbt.plugins.IvyPlugin))), Clause(Atom(sbt.plugins.IvyPlugin),Set(Atom(sbt.plugins.JvmPlugin))), Clause(Atom(sbt.plugins.JvmPlugin),Set(Atom(sbt.plugins.SemanticdbPlugin))), Clause(Atom(sbt.plugins.JvmPlugin),Set(Atom(sbt.plugins.JUnitXmlReportPlugin))), Clause(Atom(sbt.plugins.CorePlugin),Set(Atom(sbt.plugins.Giter8TemplatePlugin))), Clause(Atom(sbt.plugins.JvmPlugin),Set(Atom(sbt.plugins.MiniDependencyTreePlugin)))))
[debug]   :: deduced result: Matched(sbt.plugins.CorePlugin,sbt.plugins.Giter8TemplatePlugin,sbt.plugins.IvyPlugin,sbt.plugins.JvmPlugin,sbt.plugins.MiniDependencyTreePlugin,sbt.plugins.JUnitXmlReportPlugin,sbt.plugins.SemanticdbPlugin)
[debug] Plugins.deducer#function took 19.1898 ms
[debug]           Load.resolveProject(global-plugins) took 39.3006ms
[debug]         Load.loadTransitive: finalizeProject(Project(id global-plugins, base: C:\Users\Admin\.sbt\1.0\plugins, plugins: List(<none>))) took 79.1488ms
[debug] [Loading] Done in C:\Users\Admin\.sbt\1.0\plugins, returning: (global-plugins)
[debug]       Load.loadUnit: loadedProjectsRaw took 103.4685ms
[debug]       Load.loadUnit: cleanEvalClasses took 0.2699ms
[debug]     Load.loadUnit(file:/C:/Users/Admin/.sbt/1.0/plugins/, ...) took 210.4074ms
[debug]   Load.apply: load took 411.5879ms
[debug]   Load.apply: resolveProjects took 5.9289ms
[debug]   Load.apply: finalTransforms took 63.8642ms
[debug]   Load.apply: config.delegates took 6.9651ms
[debug]   Load.apply: Def.make(settings)... took 713.0996ms
[debug]   Load.apply: structureIndex took 123.7396ms
[debug]   Load.apply: mkStreams took 2.086ms
[info] loading global plugins from C:\Users\Admin\.sbt\1.0\plugins
[debug] Running task... Cancel: Signal, check cycles: false, forcegc: true
[debug] Load.defaultLoad until apply took 3151.6059ms
[debug]           Load.loadUnit: plugins took 27.8448ms
[debug]           Load.loadUnit: defsScala took 0.0046ms
[debug] [Loading] Scanning directory D:\KBTU\KBTU3\BackEnd\Code\SIS\SIS9\project
[debug] [Loading] Found non-root projects 
[debug] [Loading] Done in D:\KBTU\KBTU3\BackEnd\Code\SIS\SIS9\project, returning: ()
[debug] deducing auto plugins based on known facts Set(Atom(sbt.plugins.CorePlugin)) and clauses Clauses(List(Clause(Atom(sbt.plugins.JvmPlugin),Set(Atom(sbt.plugins.IvyPlugin))), Clause(Atom(sbt.ScriptedPlugin),Set(Atom(sbt.plugins.JvmPlugin))), Clause(Atom(sbt.plugins.SbtPlugin),Set(Atom(sbt.ScriptedPlugin))), Clause(Atom(sbt.plugins.SemanticdbPlugin),Set(Atom(sbt.plugins.JvmPlugin))), Clause(Atom(sbt.plugins.JUnitXmlReportPlugin),Set(Atom(sbt.plugins.JvmPlugin))), Clause(Atom(sbt.plugins.MiniDependencyTreePlugin),Set(Atom(sbt.plugins.JvmPlugin))), Clause(Atom(sbt.plugins.CorePlugin),Set(Atom(sbt.plugins.IvyPlugin))), Clause(Atom(sbt.plugins.IvyPlugin),Set(Atom(sbt.plugins.JvmPlugin))), Clause(Atom(sbt.plugins.JvmPlugin),Set(Atom(sbt.plugins.SemanticdbPlugin))), Clause(Atom(sbt.plugins.JvmPlugin),Set(Atom(sbt.plugins.JUnitXmlReportPlugin))), Clause(Atom(sbt.plugins.CorePlugin),Set(Atom(sbt.plugins.Giter8TemplatePlugin))), Clause(Atom(sbt.plugins.JvmPlugin),Set(Atom(sbt.plugins.MiniDependencyTreePlugin)))))
[debug]   :: deduced result: Matched(sbt.plugins.CorePlugin,sbt.plugins.Giter8TemplatePlugin,sbt.plugins.IvyPlugin,sbt.plugins.JvmPlugin,sbt.plugins.MiniDependencyTreePlugin,sbt.plugins.JUnitXmlReportPlugin,sbt.plugins.SemanticdbPlugin)
[debug] Plugins.deducer#function took 1.5139 ms
[debug]               Load.resolveProject(sis9-build) took 1.1778ms
[debug]             Load.loadTransitive: finalizeProject(Project(id sis9-build, base: D:\KBTU\KBTU3\BackEnd\Code\SIS\SIS9\project, plugins: List(<none>))) took 3.1182ms
[debug] [Loading] Done in D:\KBTU\KBTU3\BackEnd\Code\SIS\SIS9\project, returning: (sis9-build)
[debug]           Load.loadUnit: loadedProjectsRaw took 4.7225ms
[debug]           Load.loadUnit: cleanEvalClasses took 0.013ms
[debug]         Load.loadUnit(file:/D:/KBTU/KBTU3/BackEnd/Code/SIS/SIS9/project/, ...) took 33.2764ms
[debug]       Load.apply: load took 34.3673ms
[debug]       Load.apply: resolveProjects took 0.3232ms
[debug]       Load.apply: finalTransforms took 12.7703ms
[debug]       Load.apply: config.delegates took 0.5555ms
[debug]       Load.apply: Def.make(settings)... took 101.1163ms
[debug]       Load.apply: structureIndex took 36.0176ms
[debug]       Load.apply: mkStreams took 0.0026ms
[info] loading project definition from D:\KBTU\KBTU3\BackEnd\Code\SIS\SIS9\project
[debug] Running task... Cancel: Signal, check cycles: false, forcegc: true
[debug]     Load.loadUnit: plugins took 541.3372ms
[debug]     Load.loadUnit: defsScala took 0.0078ms
[debug] [Loading] Scanning directory D:\KBTU\KBTU3\BackEnd\Code\SIS\SIS9
[debug]       Load.loadUnit: mkEval took 4.991ms
[debug] [Loading] Found non-root projects 
[debug] [Loading] Done in D:\KBTU\KBTU3\BackEnd\Code\SIS\SIS9, returning: ()
[debug] deducing auto plugins based on known facts Set(Atom(sbt.plugins.CorePlugin)) and clauses Clauses(List(Clause(Atom(sbt.plugins.JvmPlugin),Set(Atom(sbt.plugins.IvyPlugin))), Clause(Atom(sbt.ScriptedPlugin),Set(Atom(sbt.plugins.JvmPlugin))), Clause(Atom(sbt.plugins.SbtPlugin),Set(Atom(sbt.ScriptedPlugin))), Clause(Atom(sbt.plugins.SemanticdbPlugin),Set(Atom(sbt.plugins.JvmPlugin))), Clause(Atom(sbt.plugins.JUnitXmlReportPlugin),Set(Atom(sbt.plugins.JvmPlugin))), Clause(Atom(sbt.plugins.MiniDependencyTreePlugin),Set(Atom(sbt.plugins.JvmPlugin))), Clause(Atom(sbt.plugins.CorePlugin),Set(Atom(sbt.plugins.IvyPlugin))), Clause(Atom(sbt.plugins.IvyPlugin),Set(Atom(sbt.plugins.JvmPlugin))), Clause(Atom(sbt.plugins.JvmPlugin),Set(Atom(sbt.plugins.SemanticdbPlugin))), Clause(Atom(sbt.plugins.JvmPlugin),Set(Atom(sbt.plugins.JUnitXmlReportPlugin))), Clause(Atom(sbt.plugins.CorePlugin),Set(Atom(sbt.plugins.Giter8TemplatePlugin))), Clause(Atom(sbt.plugins.JvmPlugin),Set(Atom(sbt.plugins.MiniDependencyTreePlugin)))))
[debug]   :: deduced result: Matched(sbt.plugins.CorePlugin,sbt.plugins.Giter8TemplatePlugin,sbt.plugins.IvyPlugin,sbt.plugins.JvmPlugin,sbt.plugins.MiniDependencyTreePlugin,sbt.plugins.JUnitXmlReportPlugin,sbt.plugins.SemanticdbPlugin)
[debug] Plugins.deducer#function took 1.437 ms
[info] loading settings for project sis9 from build.sbt ...
[debug]         Load.resolveProject(sis9) took 2.4093ms
[debug]       Load.loadTransitive: finalizeProject(Project(id sis9, base: D:\KBTU\KBTU3\BackEnd\Code\SIS\SIS9, plugins: List(<none>))) took 4.3163ms
[debug] [Loading] Done in D:\KBTU\KBTU3\BackEnd\Code\SIS\SIS9, returning: (sis9)
[debug]     Load.loadUnit: loadedProjectsRaw took 142.4499ms
[debug]     Load.loadUnit: cleanEvalClasses took 14.0566ms
[debug]   Load.loadUnit(file:/D:/KBTU/KBTU3/BackEnd/Code/SIS/SIS9/, ...) took 698.9908ms
[debug] Load.apply: load took 700.4915ms
[debug] Load.apply: resolveProjects took 0.2764ms
[debug] Load.apply: finalTransforms took 9.6444ms
[debug] Load.apply: config.delegates took 0.418ms
[debug] Load.apply: Def.make(settings)... took 94.883ms
[debug] Load.apply: structureIndex took 21.8431ms
[debug] Load.apply: mkStreams took 0.0038ms
[info] set current project to SIS9 (in build file:/D:/KBTU/KBTU3/BackEnd/Code/SIS/SIS9/)
[debug] > Exec(sbtPopOnFailure, None, None)
[debug] > Exec(resumeFromFailure, None, None)
[debug] > Exec(notifyUsersAboutShell, None, None)
[debug] > Exec(iflast shell, None, None)
[debug] > Exec(run, None, None)
[debug] Evaluating tasks: Compile / run
[debug] Running task... Cancel: Signal, check cycles: false, forcegc: true
[info] compiling 1 Scala source to D:\KBTU\KBTU3\BackEnd\Code\SIS\SIS9\target\scala-2.13\classes ...
[info] done compiling
