[debug] > Exec(early(addDefaultCommands), None, None)
[debug] > Exec(addDefaultCommands, None, None)
[debug] > Exec(early(initialize), None, None)
[debug] > Exec(initialize, None, None)
[debug] > Exec(boot, None, None)
[debug] > Exec(writeSbtVersion, None, None)
[debug] > Exec(reload, None, None)
[debug] > Exec(sbtStashOnFailure, None, None)
[debug] > Exec(onFailure loadFailed, None, None)
[debug] > Exec(loadp, None, None)
[info] welcome to sbt 1.4.1 (Oracle Corporation Java 14.0.1)
[debug]       Load.loadUnit: plugins took 163.8942ms
[debug]       Load.loadUnit: defsScala took 0.5511ms
[debug] [Loading] Scanning directory C:\Users\Admin\.sbt\1.0\plugins
[debug] [Loading] Found non-root projects 
[debug] [Loading] Done in C:\Users\Admin\.sbt\1.0\plugins, returning: ()
[debug] deducing auto plugins based on known facts Set(Atom(sbt.plugins.CorePlugin)) and clauses Clauses(List(Clause(Atom(sbt.plugins.JvmPlugin),Set(Atom(sbt.plugins.IvyPlugin))), Clause(Atom(sbt.ScriptedPlugin),Set(Atom(sbt.plugins.JvmPlugin))), Clause(Atom(sbt.plugins.SbtPlugin),Set(Atom(sbt.ScriptedPlugin))), Clause(Atom(sbt.plugins.SemanticdbPlugin),Set(Atom(sbt.plugins.JvmPlugin))), Clause(Atom(sbt.plugins.JUnitXmlReportPlugin),Set(Atom(sbt.plugins.JvmPlugin))), Clause(Atom(sbt.plugins.MiniDependencyTreePlugin),Set(Atom(sbt.plugins.JvmPlugin))), Clause(Atom(sbt.plugins.CorePlugin),Set(Atom(sbt.plugins.IvyPlugin))), Clause(Atom(sbt.plugins.IvyPlugin),Set(Atom(sbt.plugins.JvmPlugin))), Clause(Atom(sbt.plugins.JvmPlugin),Set(Atom(sbt.plugins.SemanticdbPlugin))), Clause(Atom(sbt.plugins.JvmPlugin),Set(Atom(sbt.plugins.JUnitXmlReportPlugin))), Clause(Atom(sbt.plugins.CorePlugin),Set(Atom(sbt.plugins.Giter8TemplatePlugin))), Clause(Atom(sbt.plugins.JvmPlugin),Set(Atom(sbt.plugins.MiniDependencyTreePlugin)))))
[debug]   :: deduced result: Matched(sbt.plugins.CorePlugin,sbt.plugins.Giter8TemplatePlugin,sbt.plugins.IvyPlugin,sbt.plugins.JvmPlugin,sbt.plugins.MiniDependencyTreePlugin,sbt.plugins.JUnitXmlReportPlugin,sbt.plugins.SemanticdbPlugin)
[debug] Plugins.deducer#function took 46.2687 ms
[debug]           Load.resolveProject(global-plugins) took 75.9253ms
[debug]         Load.loadTransitive: finalizeProject(Project(id global-plugins, base: C:\Users\Admin\.sbt\1.0\plugins, plugins: List(<none>))) took 166.2504ms
[debug] [Loading] Done in C:\Users\Admin\.sbt\1.0\plugins, returning: (global-plugins)
[debug]       Load.loadUnit: loadedProjectsRaw took 207.6285ms
[debug]       Load.loadUnit: cleanEvalClasses took 0.4129ms
[debug]     Load.loadUnit(file:/C:/Users/Admin/.sbt/1.0/plugins/, ...) took 388.7224ms
[debug]   Load.apply: load took 726.4958ms
[debug]   Load.apply: resolveProjects took 11.7527ms
[debug]   Load.apply: finalTransforms took 125.4593ms
[debug]   Load.apply: config.delegates took 17.2093ms
[debug]   Load.apply: Def.make(settings)... took 1573.326ms
[debug]   Load.apply: structureIndex took 220.454ms
[debug]   Load.apply: mkStreams took 2.9981ms
[info] loading global plugins from C:\Users\Admin\.sbt\1.0\plugins
[debug] Running task... Cancel: Signal, check cycles: false, forcegc: true
[debug] Load.defaultLoad until apply took 5528.2509ms
[debug]           Load.loadUnit: plugins took 72.4335ms
[debug]           Load.loadUnit: defsScala took 0.0774ms
[debug] [Loading] Scanning directory D:\KBTU\KBTU3\BackEnd\Code\SIS\SIS9\project
[debug] [Loading] Found non-root projects 
[debug] [Loading] Done in D:\KBTU\KBTU3\BackEnd\Code\SIS\SIS9\project, returning: ()
[debug] deducing auto plugins based on known facts Set(Atom(sbt.plugins.CorePlugin)) and clauses Clauses(List(Clause(Atom(sbt.plugins.JvmPlugin),Set(Atom(sbt.plugins.IvyPlugin))), Clause(Atom(sbt.ScriptedPlugin),Set(Atom(sbt.plugins.JvmPlugin))), Clause(Atom(sbt.plugins.SbtPlugin),Set(Atom(sbt.ScriptedPlugin))), Clause(Atom(sbt.plugins.SemanticdbPlugin),Set(Atom(sbt.plugins.JvmPlugin))), Clause(Atom(sbt.plugins.JUnitXmlReportPlugin),Set(Atom(sbt.plugins.JvmPlugin))), Clause(Atom(sbt.plugins.MiniDependencyTreePlugin),Set(Atom(sbt.plugins.JvmPlugin))), Clause(Atom(sbt.plugins.CorePlugin),Set(Atom(sbt.plugins.IvyPlugin))), Clause(Atom(sbt.plugins.IvyPlugin),Set(Atom(sbt.plugins.JvmPlugin))), Clause(Atom(sbt.plugins.JvmPlugin),Set(Atom(sbt.plugins.SemanticdbPlugin))), Clause(Atom(sbt.plugins.JvmPlugin),Set(Atom(sbt.plugins.JUnitXmlReportPlugin))), Clause(Atom(sbt.plugins.CorePlugin),Set(Atom(sbt.plugins.Giter8TemplatePlugin))), Clause(Atom(sbt.plugins.JvmPlugin),Set(Atom(sbt.plugins.MiniDependencyTreePlugin)))))
[debug]   :: deduced result: Matched(sbt.plugins.CorePlugin,sbt.plugins.Giter8TemplatePlugin,sbt.plugins.IvyPlugin,sbt.plugins.JvmPlugin,sbt.plugins.MiniDependencyTreePlugin,sbt.plugins.JUnitXmlReportPlugin,sbt.plugins.SemanticdbPlugin)
[debug] Plugins.deducer#function took 5.0804 ms
[debug]               Load.resolveProject(sis9-build) took 2.668ms
[debug]             Load.loadTransitive: finalizeProject(Project(id sis9-build, base: D:\KBTU\KBTU3\BackEnd\Code\SIS\SIS9\project, plugins: List(<none>))) took 9.0199ms
[debug] [Loading] Done in D:\KBTU\KBTU3\BackEnd\Code\SIS\SIS9\project, returning: (sis9-build)
[debug]           Load.loadUnit: loadedProjectsRaw took 14.6113ms
[debug]           Load.loadUnit: cleanEvalClasses took 0.0272ms
[debug]         Load.loadUnit(file:/D:/KBTU/KBTU3/BackEnd/Code/SIS/SIS9/project/, ...) took 88.5352ms
[debug]       Load.apply: load took 93.4912ms
[debug]       Load.apply: resolveProjects took 0.2706ms
[debug]       Load.apply: finalTransforms took 38.3354ms
[debug]       Load.apply: config.delegates took 1.1863ms
[debug]       Load.apply: Def.make(settings)... took 160.89ms
[debug]       Load.apply: structureIndex took 73.3249ms
[debug]       Load.apply: mkStreams took 0.0033ms
[info] loading project definition from D:\KBTU\KBTU3\BackEnd\Code\SIS\SIS9\project
[debug] Running task... Cancel: Signal, check cycles: false, forcegc: true
[debug]     Load.loadUnit: plugins took 833.2281ms
[debug]     Load.loadUnit: defsScala took 0.0055ms
[debug] [Loading] Scanning directory D:\KBTU\KBTU3\BackEnd\Code\SIS\SIS9
[debug]       Load.loadUnit: mkEval took 9.5464ms
[debug] [Loading] Found non-root projects 
[debug] [Loading] Done in D:\KBTU\KBTU3\BackEnd\Code\SIS\SIS9, returning: ()
[debug] deducing auto plugins based on known facts Set(Atom(sbt.plugins.CorePlugin)) and clauses Clauses(List(Clause(Atom(sbt.plugins.JvmPlugin),Set(Atom(sbt.plugins.IvyPlugin))), Clause(Atom(sbt.ScriptedPlugin),Set(Atom(sbt.plugins.JvmPlugin))), Clause(Atom(sbt.plugins.SbtPlugin),Set(Atom(sbt.ScriptedPlugin))), Clause(Atom(sbt.plugins.SemanticdbPlugin),Set(Atom(sbt.plugins.JvmPlugin))), Clause(Atom(sbt.plugins.JUnitXmlReportPlugin),Set(Atom(sbt.plugins.JvmPlugin))), Clause(Atom(sbt.plugins.MiniDependencyTreePlugin),Set(Atom(sbt.plugins.JvmPlugin))), Clause(Atom(sbt.plugins.CorePlugin),Set(Atom(sbt.plugins.IvyPlugin))), Clause(Atom(sbt.plugins.IvyPlugin),Set(Atom(sbt.plugins.JvmPlugin))), Clause(Atom(sbt.plugins.JvmPlugin),Set(Atom(sbt.plugins.SemanticdbPlugin))), Clause(Atom(sbt.plugins.JvmPlugin),Set(Atom(sbt.plugins.JUnitXmlReportPlugin))), Clause(Atom(sbt.plugins.CorePlugin),Set(Atom(sbt.plugins.Giter8TemplatePlugin))), Clause(Atom(sbt.plugins.JvmPlugin),Set(Atom(sbt.plugins.MiniDependencyTreePlugin)))))
[debug]   :: deduced result: Matched(sbt.plugins.CorePlugin,sbt.plugins.Giter8TemplatePlugin,sbt.plugins.IvyPlugin,sbt.plugins.JvmPlugin,sbt.plugins.MiniDependencyTreePlugin,sbt.plugins.JUnitXmlReportPlugin,sbt.plugins.SemanticdbPlugin)
[debug] Plugins.deducer#function took 8.2511 ms
[info] loading settings for project sis9 from build.sbt ...
[debug]         Load.resolveProject(sis9) took 4.1343ms
[debug]       Load.loadTransitive: finalizeProject(Project(id sis9, base: D:\KBTU\KBTU3\BackEnd\Code\SIS\SIS9, plugins: List(<none>))) took 13.1558ms
[debug] [Loading] Done in D:\KBTU\KBTU3\BackEnd\Code\SIS\SIS9, returning: (sis9)
[debug]     Load.loadUnit: loadedProjectsRaw took 320.7539ms
[debug]     Load.loadUnit: cleanEvalClasses took 28.2581ms
[debug]   Load.loadUnit(file:/D:/KBTU/KBTU3/BackEnd/Code/SIS/SIS9/, ...) took 1183.378ms
[debug] Load.apply: load took 1185.4375ms
[debug] Load.apply: resolveProjects took 0.2395ms
[debug] Load.apply: finalTransforms took 16.1678ms
[debug] Load.apply: config.delegates took 0.6274ms
[debug] Load.apply: Def.make(settings)... took 182.0926ms
[debug] Load.apply: structureIndex took 52.7047ms
[debug] Load.apply: mkStreams took 0.0039ms
[info] set current project to SIS9 (in build file:/D:/KBTU/KBTU3/BackEnd/Code/SIS/SIS9/)
[debug] > Exec(sbtPopOnFailure, None, None)
[debug] > Exec(resumeFromFailure, None, None)
[debug] > Exec(notifyUsersAboutShell, None, None)
[debug] > Exec(iflast shell, None, None)
[debug] > Exec(run, None, None)
[debug] Evaluating tasks: Compile / run
[debug] Running task... Cancel: Signal, check cycles: false, forcegc: true
[info] compiling 1 Scala source to D:\KBTU\KBTU3\BackEnd\Code\SIS\SIS9\target\scala-2.13\classes ...
[info] done compiling
