[debug] > Exec(early(addDefaultCommands), None, None)
[debug] > Exec(addDefaultCommands, None, None)
[debug] > Exec(early(initialize), None, None)
[debug] > Exec(initialize, None, None)
[debug] > Exec(boot, None, None)
[debug] > Exec(writeSbtVersion, None, None)
[debug] > Exec(reload, None, None)
[debug] > Exec(sbtStashOnFailure, None, None)
[debug] > Exec(onFailure loadFailed, None, None)
[debug] > Exec(loadp, None, None)
[info] welcome to sbt 1.4.1 (Oracle Corporation Java 14.0.1)
[debug]       Load.loadUnit: plugins took 94.0649ms
[debug]       Load.loadUnit: defsScala took 0.2452ms
[debug] [Loading] Scanning directory C:\Users\Admin\.sbt\1.0\plugins
[debug] [Loading] Found non-root projects 
[debug] [Loading] Done in C:\Users\Admin\.sbt\1.0\plugins, returning: ()
[debug] deducing auto plugins based on known facts Set(Atom(sbt.plugins.CorePlugin)) and clauses Clauses(List(Clause(Atom(sbt.plugins.JvmPlugin),Set(Atom(sbt.plugins.IvyPlugin))), Clause(Atom(sbt.ScriptedPlugin),Set(Atom(sbt.plugins.JvmPlugin))), Clause(Atom(sbt.plugins.SbtPlugin),Set(Atom(sbt.ScriptedPlugin))), Clause(Atom(sbt.plugins.SemanticdbPlugin),Set(Atom(sbt.plugins.JvmPlugin))), Clause(Atom(sbt.plugins.JUnitXmlReportPlugin),Set(Atom(sbt.plugins.JvmPlugin))), Clause(Atom(sbt.plugins.MiniDependencyTreePlugin),Set(Atom(sbt.plugins.JvmPlugin))), Clause(Atom(sbt.plugins.CorePlugin),Set(Atom(sbt.plugins.IvyPlugin))), Clause(Atom(sbt.plugins.IvyPlugin),Set(Atom(sbt.plugins.JvmPlugin))), Clause(Atom(sbt.plugins.JvmPlugin),Set(Atom(sbt.plugins.SemanticdbPlugin))), Clause(Atom(sbt.plugins.JvmPlugin),Set(Atom(sbt.plugins.JUnitXmlReportPlugin))), Clause(Atom(sbt.plugins.CorePlugin),Set(Atom(sbt.plugins.Giter8TemplatePlugin))), Clause(Atom(sbt.plugins.JvmPlugin),Set(Atom(sbt.plugins.MiniDependencyTreePlugin)))))
[debug]   :: deduced result: Matched(sbt.plugins.CorePlugin,sbt.plugins.Giter8TemplatePlugin,sbt.plugins.IvyPlugin,sbt.plugins.JvmPlugin,sbt.plugins.MiniDependencyTreePlugin,sbt.plugins.JUnitXmlReportPlugin,sbt.plugins.SemanticdbPlugin)
[debug] Plugins.deducer#function took 19.4821 ms
[debug]           Load.resolveProject(global-plugins) took 35.543ms
[debug]         Load.loadTransitive: finalizeProject(Project(id global-plugins, base: C:\Users\Admin\.sbt\1.0\plugins, plugins: List(<none>))) took 73.6946ms
[debug] [Loading] Done in C:\Users\Admin\.sbt\1.0\plugins, returning: (global-plugins)
[debug]       Load.loadUnit: loadedProjectsRaw took 91.9148ms
[debug]       Load.loadUnit: cleanEvalClasses took 0.2067ms
[debug]     Load.loadUnit(file:/C:/Users/Admin/.sbt/1.0/plugins/, ...) took 193.5828ms
[debug]   Load.apply: load took 356.8338ms
[debug]   Load.apply: resolveProjects took 4.9884ms
[debug]   Load.apply: finalTransforms took 51.0372ms
[debug]   Load.apply: config.delegates took 5.8505ms
[debug]   Load.apply: Def.make(settings)... took 665.0047ms
[debug]   Load.apply: structureIndex took 100.4483ms
[debug]   Load.apply: mkStreams took 1.51ms
[info] loading global plugins from C:\Users\Admin\.sbt\1.0\plugins
[debug] Running task... Cancel: Signal, check cycles: false, forcegc: true
[debug] Load.defaultLoad until apply took 2607.9242ms
[debug]           Load.loadUnit: plugins took 22.4106ms
[debug]           Load.loadUnit: defsScala took 0.007ms
[debug] [Loading] Scanning directory D:\KBTU\KBTU3\BackEnd\Code\SIS\SIS9\project
[debug] [Loading] Found non-root projects 
[debug] [Loading] Done in D:\KBTU\KBTU3\BackEnd\Code\SIS\SIS9\project, returning: ()
[debug] deducing auto plugins based on known facts Set(Atom(sbt.plugins.CorePlugin)) and clauses Clauses(List(Clause(Atom(sbt.plugins.JvmPlugin),Set(Atom(sbt.plugins.IvyPlugin))), Clause(Atom(sbt.ScriptedPlugin),Set(Atom(sbt.plugins.JvmPlugin))), Clause(Atom(sbt.plugins.SbtPlugin),Set(Atom(sbt.ScriptedPlugin))), Clause(Atom(sbt.plugins.SemanticdbPlugin),Set(Atom(sbt.plugins.JvmPlugin))), Clause(Atom(sbt.plugins.JUnitXmlReportPlugin),Set(Atom(sbt.plugins.JvmPlugin))), Clause(Atom(sbt.plugins.MiniDependencyTreePlugin),Set(Atom(sbt.plugins.JvmPlugin))), Clause(Atom(sbt.plugins.CorePlugin),Set(Atom(sbt.plugins.IvyPlugin))), Clause(Atom(sbt.plugins.IvyPlugin),Set(Atom(sbt.plugins.JvmPlugin))), Clause(Atom(sbt.plugins.JvmPlugin),Set(Atom(sbt.plugins.SemanticdbPlugin))), Clause(Atom(sbt.plugins.JvmPlugin),Set(Atom(sbt.plugins.JUnitXmlReportPlugin))), Clause(Atom(sbt.plugins.CorePlugin),Set(Atom(sbt.plugins.Giter8TemplatePlugin))), Clause(Atom(sbt.plugins.JvmPlugin),Set(Atom(sbt.plugins.MiniDependencyTreePlugin)))))
[debug]   :: deduced result: Matched(sbt.plugins.CorePlugin,sbt.plugins.Giter8TemplatePlugin,sbt.plugins.IvyPlugin,sbt.plugins.JvmPlugin,sbt.plugins.MiniDependencyTreePlugin,sbt.plugins.JUnitXmlReportPlugin,sbt.plugins.SemanticdbPlugin)
[debug] Plugins.deducer#function took 1.7702 ms
[debug]               Load.resolveProject(sis9-build) took 1.5092ms
[debug]             Load.loadTransitive: finalizeProject(Project(id sis9-build, base: D:\KBTU\KBTU3\BackEnd\Code\SIS\SIS9\project, plugins: List(<none>))) took 3.8391ms
[debug] [Loading] Done in D:\KBTU\KBTU3\BackEnd\Code\SIS\SIS9\project, returning: (sis9-build)
[debug]           Load.loadUnit: loadedProjectsRaw took 5.3215ms
[debug]           Load.loadUnit: cleanEvalClasses took 0.0238ms
[debug]         Load.loadUnit(file:/D:/KBTU/KBTU3/BackEnd/Code/SIS/SIS9/project/, ...) took 28.5504ms
[debug]       Load.apply: load took 30.1385ms
[debug]       Load.apply: resolveProjects took 0.1196ms
[debug]       Load.apply: finalTransforms took 7.9242ms
[debug]       Load.apply: config.delegates took 0.4437ms
[debug]       Load.apply: Def.make(settings)... took 73.1238ms
[debug]       Load.apply: structureIndex took 37.5845ms
[debug]       Load.apply: mkStreams took 0.0029ms
[info] loading project definition from D:\KBTU\KBTU3\BackEnd\Code\SIS\SIS9\project
[debug] Running task... Cancel: Signal, check cycles: false, forcegc: true
[debug]     Load.loadUnit: plugins took 414.9672ms
[debug]     Load.loadUnit: defsScala took 0.0058ms
[debug] [Loading] Scanning directory D:\KBTU\KBTU3\BackEnd\Code\SIS\SIS9
[debug]       Load.loadUnit: mkEval took 8.6207ms
[debug] [Loading] Found non-root projects 
[debug] [Loading] Done in D:\KBTU\KBTU3\BackEnd\Code\SIS\SIS9, returning: ()
[debug] deducing auto plugins based on known facts Set(Atom(sbt.plugins.CorePlugin)) and clauses Clauses(List(Clause(Atom(sbt.plugins.JvmPlugin),Set(Atom(sbt.plugins.IvyPlugin))), Clause(Atom(sbt.ScriptedPlugin),Set(Atom(sbt.plugins.JvmPlugin))), Clause(Atom(sbt.plugins.SbtPlugin),Set(Atom(sbt.ScriptedPlugin))), Clause(Atom(sbt.plugins.SemanticdbPlugin),Set(Atom(sbt.plugins.JvmPlugin))), Clause(Atom(sbt.plugins.JUnitXmlReportPlugin),Set(Atom(sbt.plugins.JvmPlugin))), Clause(Atom(sbt.plugins.MiniDependencyTreePlugin),Set(Atom(sbt.plugins.JvmPlugin))), Clause(Atom(sbt.plugins.CorePlugin),Set(Atom(sbt.plugins.IvyPlugin))), Clause(Atom(sbt.plugins.IvyPlugin),Set(Atom(sbt.plugins.JvmPlugin))), Clause(Atom(sbt.plugins.JvmPlugin),Set(Atom(sbt.plugins.SemanticdbPlugin))), Clause(Atom(sbt.plugins.JvmPlugin),Set(Atom(sbt.plugins.JUnitXmlReportPlugin))), Clause(Atom(sbt.plugins.CorePlugin),Set(Atom(sbt.plugins.Giter8TemplatePlugin))), Clause(Atom(sbt.plugins.JvmPlugin),Set(Atom(sbt.plugins.MiniDependencyTreePlugin)))))
[debug]   :: deduced result: Matched(sbt.plugins.CorePlugin,sbt.plugins.Giter8TemplatePlugin,sbt.plugins.IvyPlugin,sbt.plugins.JvmPlugin,sbt.plugins.MiniDependencyTreePlugin,sbt.plugins.JUnitXmlReportPlugin,sbt.plugins.SemanticdbPlugin)
[debug] Plugins.deducer#function took 1.3442 ms
[info] loading settings for project sis9 from build.sbt ...
[debug]         Load.resolveProject(sis9) took 2.5546ms
[debug]       Load.loadTransitive: finalizeProject(Project(id sis9, base: D:\KBTU\KBTU3\BackEnd\Code\SIS\SIS9, plugins: List(<none>))) took 4.383ms
[debug] [Loading] Done in D:\KBTU\KBTU3\BackEnd\Code\SIS\SIS9, returning: (sis9)
[debug]     Load.loadUnit: loadedProjectsRaw took 156.7772ms
[debug]     Load.loadUnit: cleanEvalClasses took 11.0024ms
[debug]   Load.loadUnit(file:/D:/KBTU/KBTU3/BackEnd/Code/SIS/SIS9/, ...) took 583.7057ms
[debug] Load.apply: load took 585.3647ms
[debug] Load.apply: resolveProjects took 0.2163ms
[debug] Load.apply: finalTransforms took 10.5961ms
[debug] Load.apply: config.delegates took 0.4293ms
[debug] Load.apply: Def.make(settings)... took 94.914ms
[debug] Load.apply: structureIndex took 28.8504ms
[debug] Load.apply: mkStreams took 0.0032ms
[info] set current project to SIS9 (in build file:/D:/KBTU/KBTU3/BackEnd/Code/SIS/SIS9/)
[debug] > Exec(sbtPopOnFailure, None, None)
[debug] > Exec(resumeFromFailure, None, None)
[debug] > Exec(notifyUsersAboutShell, None, None)
[debug] > Exec(iflast shell, None, None)
[debug] > Exec(run, None, None)
[debug] Evaluating tasks: Compile / run
[debug] Running task... Cancel: Signal, check cycles: false, forcegc: true
[info] compiling 1 Scala source to D:\KBTU\KBTU3\BackEnd\Code\SIS\SIS9\target\scala-2.13\classes ...
[info] done compiling
