[debug] > Exec(early(addDefaultCommands), None, None)
[debug] > Exec(addDefaultCommands, None, None)
[debug] > Exec(early(initialize), None, None)
[debug] > Exec(initialize, None, None)
[debug] > Exec(boot, None, None)
[debug] > Exec(writeSbtVersion, None, None)
[debug] > Exec(reload, None, None)
[debug] > Exec(sbtStashOnFailure, None, None)
[debug] > Exec(onFailure loadFailed, None, None)
[debug] > Exec(loadp, None, None)
[info] welcome to sbt 1.4.1 (Oracle Corporation Java 14.0.1)
[debug]       Load.loadUnit: plugins took 180.5382ms
[debug]       Load.loadUnit: defsScala took 0.3653ms
[debug] [Loading] Scanning directory C:\Users\Admin\.sbt\1.0\plugins
[debug] [Loading] Found non-root projects 
[debug] [Loading] Done in C:\Users\Admin\.sbt\1.0\plugins, returning: ()
[debug] deducing auto plugins based on known facts Set(Atom(sbt.plugins.CorePlugin)) and clauses Clauses(List(Clause(Atom(sbt.plugins.JvmPlugin),Set(Atom(sbt.plugins.IvyPlugin))), Clause(Atom(sbt.ScriptedPlugin),Set(Atom(sbt.plugins.JvmPlugin))), Clause(Atom(sbt.plugins.SbtPlugin),Set(Atom(sbt.ScriptedPlugin))), Clause(Atom(sbt.plugins.SemanticdbPlugin),Set(Atom(sbt.plugins.JvmPlugin))), Clause(Atom(sbt.plugins.JUnitXmlReportPlugin),Set(Atom(sbt.plugins.JvmPlugin))), Clause(Atom(sbt.plugins.MiniDependencyTreePlugin),Set(Atom(sbt.plugins.JvmPlugin))), Clause(Atom(sbt.plugins.CorePlugin),Set(Atom(sbt.plugins.IvyPlugin))), Clause(Atom(sbt.plugins.IvyPlugin),Set(Atom(sbt.plugins.JvmPlugin))), Clause(Atom(sbt.plugins.JvmPlugin),Set(Atom(sbt.plugins.SemanticdbPlugin))), Clause(Atom(sbt.plugins.JvmPlugin),Set(Atom(sbt.plugins.JUnitXmlReportPlugin))), Clause(Atom(sbt.plugins.CorePlugin),Set(Atom(sbt.plugins.Giter8TemplatePlugin))), Clause(Atom(sbt.plugins.JvmPlugin),Set(Atom(sbt.plugins.MiniDependencyTreePlugin)))))
[debug]   :: deduced result: Matched(sbt.plugins.CorePlugin,sbt.plugins.Giter8TemplatePlugin,sbt.plugins.IvyPlugin,sbt.plugins.JvmPlugin,sbt.plugins.MiniDependencyTreePlugin,sbt.plugins.JUnitXmlReportPlugin,sbt.plugins.SemanticdbPlugin)
[debug] Plugins.deducer#function took 20.057 ms
[debug]           Load.resolveProject(global-plugins) took 41.7745ms
[debug]         Load.loadTransitive: finalizeProject(Project(id global-plugins, base: C:\Users\Admin\.sbt\1.0\plugins, plugins: List(<none>))) took 83.6981ms
[debug] [Loading] Done in C:\Users\Admin\.sbt\1.0\plugins, returning: (global-plugins)
[debug]       Load.loadUnit: loadedProjectsRaw took 106.1874ms
[debug]       Load.loadUnit: cleanEvalClasses took 0.2729ms
[debug]     Load.loadUnit(file:/C:/Users/Admin/.sbt/1.0/plugins/, ...) took 298.3416ms
[debug]   Load.apply: load took 585.4376ms
[debug]   Load.apply: resolveProjects took 8.759ms
[debug]   Load.apply: finalTransforms took 70.5569ms
[debug]   Load.apply: config.delegates took 10.5573ms
[debug]   Load.apply: Def.make(settings)... took 992.4559ms
[debug]   Load.apply: structureIndex took 126.6654ms
[debug]   Load.apply: mkStreams took 2.626ms
[info] loading global plugins from C:\Users\Admin\.sbt\1.0\plugins
[debug] Running task... Cancel: Signal, check cycles: false, forcegc: true
[debug] Load.defaultLoad until apply took 3995.1863ms
[debug]           Load.loadUnit: plugins took 36.565ms
[debug]           Load.loadUnit: defsScala took 0.0134ms
[debug] [Loading] Scanning directory D:\KBTU\KBTU3\BackEnd\Code\SIS\SIS9\project
[debug] [Loading] Found non-root projects 
[debug] [Loading] Done in D:\KBTU\KBTU3\BackEnd\Code\SIS\SIS9\project, returning: ()
[debug] deducing auto plugins based on known facts Set(Atom(sbt.plugins.CorePlugin)) and clauses Clauses(List(Clause(Atom(sbt.plugins.JvmPlugin),Set(Atom(sbt.plugins.IvyPlugin))), Clause(Atom(sbt.ScriptedPlugin),Set(Atom(sbt.plugins.JvmPlugin))), Clause(Atom(sbt.plugins.SbtPlugin),Set(Atom(sbt.ScriptedPlugin))), Clause(Atom(sbt.plugins.SemanticdbPlugin),Set(Atom(sbt.plugins.JvmPlugin))), Clause(Atom(sbt.plugins.JUnitXmlReportPlugin),Set(Atom(sbt.plugins.JvmPlugin))), Clause(Atom(sbt.plugins.MiniDependencyTreePlugin),Set(Atom(sbt.plugins.JvmPlugin))), Clause(Atom(sbt.plugins.CorePlugin),Set(Atom(sbt.plugins.IvyPlugin))), Clause(Atom(sbt.plugins.IvyPlugin),Set(Atom(sbt.plugins.JvmPlugin))), Clause(Atom(sbt.plugins.JvmPlugin),Set(Atom(sbt.plugins.SemanticdbPlugin))), Clause(Atom(sbt.plugins.JvmPlugin),Set(Atom(sbt.plugins.JUnitXmlReportPlugin))), Clause(Atom(sbt.plugins.CorePlugin),Set(Atom(sbt.plugins.Giter8TemplatePlugin))), Clause(Atom(sbt.plugins.JvmPlugin),Set(Atom(sbt.plugins.MiniDependencyTreePlugin)))))
[debug]   :: deduced result: Matched(sbt.plugins.CorePlugin,sbt.plugins.Giter8TemplatePlugin,sbt.plugins.IvyPlugin,sbt.plugins.JvmPlugin,sbt.plugins.MiniDependencyTreePlugin,sbt.plugins.JUnitXmlReportPlugin,sbt.plugins.SemanticdbPlugin)
[debug] Plugins.deducer#function took 2.2075 ms
[debug]               Load.resolveProject(sis9-build) took 1.4661ms
[debug]             Load.loadTransitive: finalizeProject(Project(id sis9-build, base: D:\KBTU\KBTU3\BackEnd\Code\SIS\SIS9\project, plugins: List(<none>))) took 4.1846ms
[debug] [Loading] Done in D:\KBTU\KBTU3\BackEnd\Code\SIS\SIS9\project, returning: (sis9-build)
[debug]           Load.loadUnit: loadedProjectsRaw took 5.8111ms
[debug]           Load.loadUnit: cleanEvalClasses took 0.0772ms
[debug]         Load.loadUnit(file:/D:/KBTU/KBTU3/BackEnd/Code/SIS/SIS9/project/, ...) took 43.6126ms
[debug]       Load.apply: load took 47.6135ms
[debug]       Load.apply: resolveProjects took 0.2016ms
[debug]       Load.apply: finalTransforms took 16.1907ms
[debug]       Load.apply: config.delegates took 0.5508ms
[debug]       Load.apply: Def.make(settings)... took 117.9316ms
[debug]       Load.apply: structureIndex took 53.1594ms
[debug]       Load.apply: mkStreams took 0.0222ms
[info] loading project definition from D:\KBTU\KBTU3\BackEnd\Code\SIS\SIS9\project
[debug] Running task... Cancel: Signal, check cycles: false, forcegc: true
[debug]     Load.loadUnit: plugins took 585.4044ms
[debug]     Load.loadUnit: defsScala took 0.0037ms
[debug] [Loading] Scanning directory D:\KBTU\KBTU3\BackEnd\Code\SIS\SIS9
[debug]       Load.loadUnit: mkEval took 7.8495ms
[debug] [Loading] Found non-root projects 
[debug] [Loading] Done in D:\KBTU\KBTU3\BackEnd\Code\SIS\SIS9, returning: ()
[debug] deducing auto plugins based on known facts Set(Atom(sbt.plugins.CorePlugin)) and clauses Clauses(List(Clause(Atom(sbt.plugins.JvmPlugin),Set(Atom(sbt.plugins.IvyPlugin))), Clause(Atom(sbt.ScriptedPlugin),Set(Atom(sbt.plugins.JvmPlugin))), Clause(Atom(sbt.plugins.SbtPlugin),Set(Atom(sbt.ScriptedPlugin))), Clause(Atom(sbt.plugins.SemanticdbPlugin),Set(Atom(sbt.plugins.JvmPlugin))), Clause(Atom(sbt.plugins.JUnitXmlReportPlugin),Set(Atom(sbt.plugins.JvmPlugin))), Clause(Atom(sbt.plugins.MiniDependencyTreePlugin),Set(Atom(sbt.plugins.JvmPlugin))), Clause(Atom(sbt.plugins.CorePlugin),Set(Atom(sbt.plugins.IvyPlugin))), Clause(Atom(sbt.plugins.IvyPlugin),Set(Atom(sbt.plugins.JvmPlugin))), Clause(Atom(sbt.plugins.JvmPlugin),Set(Atom(sbt.plugins.SemanticdbPlugin))), Clause(Atom(sbt.plugins.JvmPlugin),Set(Atom(sbt.plugins.JUnitXmlReportPlugin))), Clause(Atom(sbt.plugins.CorePlugin),Set(Atom(sbt.plugins.Giter8TemplatePlugin))), Clause(Atom(sbt.plugins.JvmPlugin),Set(Atom(sbt.plugins.MiniDependencyTreePlugin)))))
[debug]   :: deduced result: Matched(sbt.plugins.CorePlugin,sbt.plugins.Giter8TemplatePlugin,sbt.plugins.IvyPlugin,sbt.plugins.JvmPlugin,sbt.plugins.MiniDependencyTreePlugin,sbt.plugins.JUnitXmlReportPlugin,sbt.plugins.SemanticdbPlugin)
[debug] Plugins.deducer#function took 3.92 ms
[info] loading settings for project sis9 from build.sbt ...
[debug]         Load.resolveProject(sis9) took 5.717ms
[debug]       Load.loadTransitive: finalizeProject(Project(id sis9, base: D:\KBTU\KBTU3\BackEnd\Code\SIS\SIS9, plugins: List(<none>))) took 11.0075ms
[debug] [Loading] Done in D:\KBTU\KBTU3\BackEnd\Code\SIS\SIS9, returning: (sis9)
[debug]     Load.loadUnit: loadedProjectsRaw took 323.218ms
[debug]     Load.loadUnit: cleanEvalClasses took 22.769ms
[debug]   Load.loadUnit(file:/D:/KBTU/KBTU3/BackEnd/Code/SIS/SIS9/, ...) took 932.4271ms
[debug] Load.apply: load took 934.6943ms
[debug] Load.apply: resolveProjects took 0.1981ms
[debug] Load.apply: finalTransforms took 14.9495ms
[debug] Load.apply: config.delegates took 0.7415ms
[debug] Load.apply: Def.make(settings)... took 162.3555ms
[debug] Load.apply: structureIndex took 44.0345ms
[debug] Load.apply: mkStreams took 0.0035ms
[info] set current project to SIS9 (in build file:/D:/KBTU/KBTU3/BackEnd/Code/SIS/SIS9/)
[debug] > Exec(sbtPopOnFailure, None, None)
[debug] > Exec(resumeFromFailure, None, None)
[debug] > Exec(notifyUsersAboutShell, None, None)
[debug] > Exec(iflast shell, None, None)
[debug] > Exec(run, None, None)
[debug] Evaluating tasks: Compile / run
[debug] Running task... Cancel: Signal, check cycles: false, forcegc: true
[info] compiling 1 Scala source to D:\KBTU\KBTU3\BackEnd\Code\SIS\SIS9\target\scala-2.13\classes ...
[info] done compiling
